[
 [
  {
   "Plan": {
    "Node Type": "Aggregate",
    "Strategy": "Plain",
    "Partial Mode": "Finalize",
    "Parallel Aware": false,
    "Async Capable": false,
    "Startup Cost": 20259.68,
    "Total Cost": 20259.69,
    "Plan Rows": 1,
    "Plan Width": 68,
    "Actual Startup Time": 99.98,
    "Actual Total Time": 100.058,
    "Actual Rows": 1,
    "Actual Loops": 1,
    "Plans": [
     {
      "Node Type": "Gather",
      "Parent Relationship": "Outer",
      "Parallel Aware": false,
      "Async Capable": false,
      "Startup Cost": 20259.45,
      "Total Cost": 20259.66,
      "Plan Rows": 2,
      "Plan Width": 68,
      "Actual Startup Time": 99.972,
      "Actual Total Time": 100.052,
      "Actual Rows": 3,
      "Actual Loops": 1,
      "Workers Planned": 2,
      "Workers Launched": 2,
      "Single Copy": false,
      "Plans": [
       {
        "Node Type": "Aggregate",
        "Strategy": "Plain",
        "Partial Mode": "Partial",
        "Parent Relationship": "Outer",
        "Parallel Aware": false,
        "Async Capable": false,
        "Startup Cost": 19259.45,
        "Total Cost": 19259.46,
        "Plan Rows": 1,
        "Plan Width": 68,
        "Actual Startup Time": 89.585,
        "Actual Total Time": 89.588,
        "Actual Rows": 1,
        "Actual Loops": 3,
        "Workers": [],
        "Plans": [
         {
          "Node Type": "Nested Loop",
          "Parent Relationship": "Outer",
          "Parallel Aware": false,
          "Async Capable": false,
          "Join Type": "Inner",
          "Startup Cost": 4.32,
          "Total Cost": 19258.84,
          "Plan Rows": 82,
          "Plan Width": 45,
          "Actual Startup Time": 86.362,
          "Actual Total Time": 89.571,
          "Actual Rows": 47,
          "Actual Loops": 3,
          "Inner Unique": true,
          "Join Filter": "(mc.movie_id = t.id)",
          "Rows Removed by Join Filter": 0,
          "Workers": [],
          "Plans": [
           {
            "Node Type": "Hash Join",
            "Parent Relationship": "Outer",
            "Parallel Aware": false,
            "Async Capable": false,
            "Join Type": "Inner",
            "Startup Cost": 3.89,
            "Total Cost": 19210.42,
            "Plan Rows": 82,
            "Plan Width": 32,
            "Actual Startup Time": 86.325,
            "Actual Total Time": 88.974,
            "Actual Rows": 47,
            "Actual Loops": 3,
            "Inner Unique": false,
            "Hash Cond": "(mc.company_type_id = ct.id)",
            "Workers": [],
            "Plans": [
             {
              "Node Type": "Nested Loop",
              "Parent Relationship": "Outer",
              "Parallel Aware": false,
              "Async Capable": false,
              "Join Type": "Inner",
              "Startup Cost": 2.84,
              "Total Cost": 19207.61,
              "Plan Rows": 248,
              "Plan Width": 36,
              "Actual Startup Time": 86.112,
              "Actual Total Time": 88.75,
              "Actual Rows": 49,
              "Actual Loops": 3,
              "Inner Unique": false,
              "Workers": [],
              "Plans": [
               {
                "Node Type": "Hash Join",
                "Parent Relationship": "Outer",
                "Parallel Aware": false,
                "Async Capable": false,
                "Join Type": "Inner",
                "Startup Cost": 2.41,
                "Total Cost": 15928.2,
                "Plan Rows": 5134,
                "Plan Width": 4,
                "Actual Startup Time": 86.055,
                "Actual Total Time": 86.082,
                "Actual Rows": 83,
                "Actual Loops": 3,
                "Inner Unique": false,
                "Hash Cond": "(mi_idx.info_type_id = it.id)",
                "Workers": [],
                "Plans": [
                 {
                  "Node Type": "Seq Scan",
                  "Parent Relationship": "Outer",
                  "Parallel Aware": true,
                  "Async Capable": false,
                  "Relation Name": "movie_info_idx",
                  "Alias": "mi_idx",
                  "Startup Cost": 0.0,
                  "Total Cost": 13718.14,
                  "Plan Rows": 575014,
                  "Plan Width": 8,
                  "Actual Startup Time": 0.043,
                  "Actual Total Time": 48.46,
                  "Actual Rows": 460011,
                  "Actual Loops": 3,
                  "Workers": []
                 },
                 {
                  "Node Type": "Hash",
                  "Parent Relationship": "Inner",
                  "Parallel Aware": false,
                  "Async Capable": false,
                  "Startup Cost": 2.4,
                  "Total Cost": 2.4,
                  "Plan Rows": 1,
                  "Plan Width": 4,
                  "Actual Startup Time": 0.057,
                  "Actual Total Time": 0.057,
                  "Actual Rows": 1,
                  "Actual Loops": 3,
                  "Hash Buckets": 1024,
                  "Original Hash Buckets": 1024,
                  "Hash Batches": 1,
                  "Original Hash Batches": 1,
                  "Peak Memory Usage": 9,
                  "Workers": [],
                  "Plans": [
                   {
                    "Node Type": "Seq Scan",
                    "Parent Relationship": "Outer",
                    "Parallel Aware": false,
                    "Async Capable": false,
                    "Relation Name": "info_type",
                    "Alias": "it",
                    "Startup Cost": 0.0,
                    "Total Cost": 2.4,
                    "Plan Rows": 1,
                    "Plan Width": 4,
                    "Actual Startup Time": 0.051,
                    "Actual Total Time": 0.052,
                    "Actual Rows": 1,
                    "Actual Loops": 3,
                    "Filter": "((info)::text = 'top 250 rank'::text)",
                    "Rows Removed by Filter": 111,
                    "Workers": []
                   }
                  ]
                 }
                ]
               },
               {
                "Node Type": "Index Scan",
                "Parent Relationship": "Inner",
                "Parallel Aware": false,
                "Async Capable": false,
                "Scan Direction": "Forward",
                "Index Name": "movie_id_movie_companies",
                "Relation Name": "movie_companies",
                "Alias": "mc",
                "Startup Cost": 0.43,
                "Total Cost": 0.63,
                "Plan Rows": 1,
                "Plan Width": 32,
                "Actual Startup Time": 0.031,
                "Actual Total Time": 0.032,
                "Actual Rows": 1,
                "Actual Loops": 250,
                "Index Cond": "(movie_id = mi_idx.movie_id)",
                "Rows Removed by Index Recheck": 0,
                "Filter": "((note !~~ '%(as Metro-Goldwyn-Mayer Pictures)%'::text) AND ((note ~~ '%(co-production)%'::text) OR (note ~~ '%(presents)%'::text)))",
                "Rows Removed by Filter": 33,
                "Workers": []
               }
              ]
             },
             {
              "Node Type": "Hash",
              "Parent Relationship": "Inner",
              "Parallel Aware": false,
              "Async Capable": false,
              "Startup Cost": 1.04,
              "Total Cost": 1.04,
              "Plan Rows": 1,
              "Plan Width": 4,
              "Actual Startup Time": 0.067,
              "Actual Total Time": 0.068,
              "Actual Rows": 1,
              "Actual Loops": 3,
              "Hash Buckets": 1024,
              "Original Hash Buckets": 1024,
              "Hash Batches": 1,
              "Original Hash Batches": 1,
              "Peak Memory Usage": 9,
              "Workers": [],
              "Plans": [
               {
                "Node Type": "Seq Scan",
                "Parent Relationship": "Outer",
                "Parallel Aware": false,
                "Async Capable": false,
                "Relation Name": "company_type",
                "Alias": "ct",
                "Startup Cost": 0.0,
                "Total Cost": 1.04,
                "Plan Rows": 1,
                "Plan Width": 4,
                "Actual Startup Time": 0.048,
                "Actual Total Time": 0.051,
                "Actual Rows": 1,
                "Actual Loops": 3,
                "Filter": "((kind)::text = 'production companies'::text)",
                "Rows Removed by Filter": 2,
                "Workers": []
               }
              ]
             }
            ]
           },
           {
            "Node Type": "Index Scan",
            "Parent Relationship": "Inner",
            "Parallel Aware": false,
            "Async Capable": false,
            "Scan Direction": "Forward",
            "Index Name": "title_pkey",
            "Relation Name": "title",
            "Alias": "t",
            "Startup Cost": 0.43,
            "Total Cost": 0.58,
            "Plan Rows": 1,
            "Plan Width": 25,
            "Actual Startup Time": 0.012,
            "Actual Total Time": 0.012,
            "Actual Rows": 1,
            "Actual Loops": 142,
            "Index Cond": "(id = mi_idx.movie_id)",
            "Rows Removed by Index Recheck": 0,
            "Workers": []
           }
          ]
         }
        ]
       }
      ]
     }
    ]
   },
   "Planning Time": 5.01,
   "Triggers": [],
   "Execution Time": 100.169
  }
 ],
 [
  {
   "Plan": {
    "Node Type": "Aggregate",
    "Strategy": "Plain",
    "Partial Mode": "Finalize",
    "Parallel Aware": false,
    "Async Capable": false,
    "Startup Cost": 50615.54,
    "Total Cost": 50615.55,
    "Plan Rows": 1,
    "Plan Width": 68,
    "Actual Startup Time": 208.59,
    "Actual Total Time": 212.748,
    "Actual Rows": 1,
    "Actual Loops": 1,
    "Plans": [
     {
      "Node Type": "Gather",
      "Parent Relationship": "Outer",
      "Parallel Aware": false,
      "Async Capable": false,
      "Startup Cost": 50615.21,
      "Total Cost": 50615.52,
      "Plan Rows": 3,
      "Plan Width": 68,
      "Actual Startup Time": 208.484,
      "Actual Total Time": 212.74,
      "Actual Rows": 4,
      "Actual Loops": 1,
      "Workers Planned": 3,
      "Workers Launched": 3,
      "Single Copy": false,
      "Plans": [
       {
        "Node Type": "Aggregate",
        "Strategy": "Plain",
        "Partial Mode": "Partial",
        "Parent Relationship": "Outer",
        "Parallel Aware": false,
        "Async Capable": false,
        "Startup Cost": 49615.21,
        "Total Cost": 49615.22,
        "Plan Rows": 1,
        "Plan Width": 68,
        "Actual Startup Time": 201.687,
        "Actual Total Time": 201.69,
        "Actual Rows": 1,
        "Actual Loops": 4,
        "Workers": [],
        "Plans": [
         {
          "Node Type": "Nested Loop",
          "Parent Relationship": "Outer",
          "Parallel Aware": false,
          "Async Capable": false,
          "Join Type": "Inner",
          "Startup Cost": 15993.85,
          "Total Cost": 49614.73,
          "Plan Rows": 64,
          "Plan Width": 45,
          "Actual Startup Time": 180.468,
          "Actual Total Time": 201.668,
          "Actual Rows": 36,
          "Actual Loops": 4,
          "Inner Unique": true,
          "Join Filter": "(mc.movie_id = t.id)",
          "Rows Removed by Join Filter": 0,
          "Workers": [],
          "Plans": [
           {
            "Node Type": "Hash Join",
            "Parent Relationship": "Outer",
            "Parallel Aware": false,
            "Async Capable": false,
            "Join Type": "Inner",
            "Startup Cost": 15993.42,
            "Total Cost": 49576.94,
            "Plan Rows": 64,
            "Plan Width": 32,
            "Actual Startup Time": 180.421,
            "Actual Total Time": 201.235,
            "Actual Rows": 36,
            "Actual Loops": 4,
            "Inner Unique": false,
            "Hash Cond": "(mc.company_type_id = ct.id)",
            "Workers": [],
            "Plans": [
             {
              "Node Type": "Hash Join",
              "Parent Relationship": "Outer",
              "Parallel Aware": true,
              "Async Capable": false,
              "Join Type": "Inner",
              "Startup Cost": 15992.37,
              "Total Cost": 49574.53,
              "Plan Rows": 192,
              "Plan Width": 36,
              "Actual Startup Time": 143.434,
              "Actual Total Time": 201.007,
              "Actual Rows": 37,
              "Actual Loops": 4,
              "Inner Unique": false,
              "Hash Cond": "(mc.movie_id = mi_idx.movie_id)",
              "Workers": [],
              "Plans": [
               {
                "Node Type": "Seq Scan",
                "Parent Relationship": "Outer",
                "Parallel Aware": true,
                "Async Capable": false,
                "Relation Name": "movie_companies",
                "Alias": "mc",
                "Startup Cost": 0.0,
                "Total Cost": 33552.95,
                "Plan Rows": 7575,
                "Plan Width": 32,
                "Actual Startup Time": 16.16,
                "Actual Total Time": 133.655,
                "Actual Rows": 7222,
                "Actual Loops": 4,
                "Filter": "((note !~~ '%(as Metro-Goldwyn-Mayer Pictures)%'::text) AND ((note ~~ '%(co-production)%'::text) OR (note ~~ '%(presents)%'::text)))",
                "Rows Removed by Filter": 645060,
                "Workers": []
               },
               {
                "Node Type": "Hash",
                "Parent Relationship": "Inner",
                "Parallel Aware": true,
                "Async Capable": false,
                "Startup Cost": 15928.2,
                "Total Cost": 15928.2,
                "Plan Rows": 5134,
                "Plan Width": 4,
                "Actual Startup Time": 66.48,
                "Actual Total Time": 66.481,
                "Actual Rows": 62,
                "Actual Loops": 4,
                "Hash Buckets": 16384,
                "Original Hash Buckets": 16384,
                "Hash Batches": 1,
                "Original Hash Batches": 1,
                "Peak Memory Usage": 192,
                "Workers": [],
                "Plans": [
                 {
                  "Node Type": "Hash Join",
                  "Parent Relationship": "Outer",
                  "Parallel Aware": false,
                  "Async Capable": false,
                  "Join Type": "Inner",
                  "Startup Cost": 2.41,
                  "Total Cost": 15928.2,
                  "Plan Rows": 5134,
                  "Plan Width": 4,
                  "Actual Startup Time": 66.249,
                  "Actual Total Time": 66.264,
                  "Actual Rows": 62,
                  "Actual Loops": 4,
                  "Inner Unique": false,
                  "Hash Cond": "(mi_idx.info_type_id = it.id)",
                  "Workers": [],
                  "Plans": [
                   {
                    "Node Type": "Seq Scan",
                    "Parent Relationship": "Outer",
                    "Parallel Aware": true,
                    "Async Capable": false,
                    "Relation Name": "movie_info_idx",
                    "Alias": "mi_idx",
                    "Startup Cost": 0.0,
                    "Total Cost": 13718.14,
                    "Plan Rows": 575014,
                    "Plan Width": 8,
                    "Actual Startup Time": 0.029,
                    "Actual Total Time": 36.335,
                    "Actual Rows": 345008,
                    "Actual Loops": 4,
                    "Workers": []
                   },
                   {
                    "Node Type": "Hash",
                    "Parent Relationship": "Inner",
                    "Parallel Aware": false,
                    "Async Capable": false,
                    "Startup Cost": 2.4,
                    "Total Cost": 2.4,
                    "Plan Rows": 1,
                    "Plan Width": 4,
                    "Actual Startup Time": 0.064,
                    "Actual Total Time": 0.065,
                    "Actual Rows": 1,
                    "Actual Loops": 4,
                    "Hash Buckets": 1024,
                    "Original Hash Buckets": 1024,
                    "Hash Batches": 1,
                    "Original Hash Batches": 1,
                    "Peak Memory Usage": 9,
                    "Workers": [],
                    "Plans": [
                     {
                      "Node Type": "Seq Scan",
                      "Parent Relationship": "Outer",
                      "Parallel Aware": false,
                      "Async Capable": false,
                      "Relation Name": "info_type",
                      "Alias": "it",
                      "Startup Cost": 0.0,
                      "Total Cost": 2.4,
                      "Plan Rows": 1,
                      "Plan Width": 4,
                      "Actual Startup Time": 0.057,
                      "Actual Total Time": 0.058,
                      "Actual Rows": 1,
                      "Actual Loops": 4,
                      "Filter": "((info)::text = 'top 250 rank'::text)",
                      "Rows Removed by Filter": 111,
                      "Workers": []
                     }
                    ]
                   }
                  ]
                 }
                ]
               }
              ]
             },
             {
              "Node Type": "Hash",
              "Parent Relationship": "Inner",
              "Parallel Aware": false,
              "Async Capable": false,
              "Startup Cost": 1.04,
              "Total Cost": 1.04,
              "Plan Rows": 1,
              "Plan Width": 4,
              "Actual Startup Time": 0.059,
              "Actual Total Time": 0.06,
              "Actual Rows": 1,
              "Actual Loops": 4,
              "Hash Buckets": 1024,
              "Original Hash Buckets": 1024,
              "Hash Batches": 1,
              "Original Hash Batches": 1,
              "Peak Memory Usage": 9,
              "Workers": [],
              "Plans": [
               {
                "Node Type": "Seq Scan",
                "Parent Relationship": "Outer",
                "Parallel Aware": false,
                "Async Capable": false,
                "Relation Name": "company_type",
                "Alias": "ct",
                "Startup Cost": 0.0,
                "Total Cost": 1.04,
                "Plan Rows": 1,
                "Plan Width": 4,
                "Actual Startup Time": 0.041,
                "Actual Total Time": 0.048,
                "Actual Rows": 1,
                "Actual Loops": 4,
                "Filter": "((kind)::text = 'production companies'::text)",
                "Rows Removed by Filter": 2,
                "Workers": []
               }
              ]
             }
            ]
           },
           {
            "Node Type": "Index Scan",
            "Parent Relationship": "Inner",
            "Parallel Aware": false,
            "Async Capable": false,
            "Scan Direction": "Forward",
            "Index Name": "title_pkey",
            "Relation Name": "title",
            "Alias": "t",
            "Startup Cost": 0.43,
            "Total Cost": 0.58,
            "Plan Rows": 1,
            "Plan Width": 25,
            "Actual Startup Time": 0.011,
            "Actual Total Time": 0.011,
            "Actual Rows": 1,
            "Actual Loops": 142,
            "Index Cond": "(id = mi_idx.movie_id)",
            "Rows Removed by Index Recheck": 0,
            "Workers": []
           }
          ]
         }
        ]
       }
      ]
     }
    ]
   },
   "Planning Time": 3.163,
   "Triggers": [],
   "Execution Time": 212.872
  }
 ],
 [
  {
   "Plan": {
    "Node Type": "Aggregate",
    "Strategy": "Plain",
    "Partial Mode": "Finalize",
    "Parallel Aware": false,
    "Async Capable": false,
    "Startup Cost": 41753.95,
    "Total Cost": 41753.96,
    "Plan Rows": 1,
    "Plan Width": 68,
    "Actual Startup Time": 183.725,
    "Actual Total Time": 191.75,
    "Actual Rows": 1,
    "Actual Loops": 1,
    "Plans": [
     {
      "Node Type": "Gather",
      "Parent Relationship": "Outer",
      "Parallel Aware": false,
      "Async Capable": false,
      "Startup Cost": 41753.62,
      "Total Cost": 41753.93,
      "Plan Rows": 3,
      "Plan Width": 68,
      "Actual Startup Time": 183.626,
      "Actual Total Time": 191.743,
      "Actual Rows": 4,
      "Actual Loops": 1,
      "Workers Planned": 3,
      "Workers Launched": 3,
      "Single Copy": false,
      "Plans": [
       {
        "Node Type": "Aggregate",
        "Strategy": "Plain",
        "Partial Mode": "Partial",
        "Parent Relationship": "Outer",
        "Parallel Aware": false,
        "Async Capable": false,
        "Startup Cost": 40753.62,
        "Total Cost": 40753.63,
        "Plan Rows": 1,
        "Plan Width": 68,
        "Actual Startup Time": 176.166,
        "Actual Total Time": 176.169,
        "Actual Rows": 1,
        "Actual Loops": 4,
        "Workers": [],
        "Plans": [
         {
          "Node Type": "Nested Loop",
          "Parent Relationship": "Outer",
          "Parallel Aware": false,
          "Async Capable": false,
          "Join Type": "Inner",
          "Startup Cost": 4.32,
          "Total Cost": 40747.76,
          "Plan Rows": 781,
          "Plan Width": 45,
          "Actual Startup Time": 133.753,
          "Actual Total Time": 176.143,
          "Actual Rows": 36,
          "Actual Loops": 4,
          "Inner Unique": true,
          "Join Filter": "(mc.movie_id = t.id)",
          "Rows Removed by Join Filter": 0,
          "Workers": [],
          "Plans": [
           {
            "Node Type": "Hash Join",
            "Parent Relationship": "Outer",
            "Parallel Aware": false,
            "Async Capable": false,
            "Join Type": "Inner",
            "Startup Cost": 3.89,
            "Total Cost": 40286.61,
            "Plan Rows": 781,
            "Plan Width": 32,
            "Actual Startup Time": 133.708,
            "Actual Total Time": 175.637,
            "Actual Rows": 36,
            "Actual Loops": 4,
            "Inner Unique": true,
            "Hash Cond": "(mi_idx.info_type_id = it.id)",
            "Workers": [],
            "Plans": [
             {
              "Node Type": "Nested Loop",
              "Parent Relationship": "Outer",
              "Parallel Aware": false,
              "Async Capable": false,
              "Join Type": "Inner",
              "Startup Cost": 1.48,
              "Total Cost": 40264.66,
              "Plan Rows": 7171,
              "Plan Width": 36,
              "Actual Startup Time": 113.423,
              "Actual Total Time": 174.543,
              "Actual Rows": 15504,
              "Actual Loops": 4,
              "Inner Unique": false,
              "Workers": [],
              "Plans": [
               {
                "Node Type": "Hash Join",
                "Parent Relationship": "Outer",
                "Parallel Aware": false,
                "Async Capable": false,
                "Join Type": "Inner",
                "Startup Cost": 1.05,
                "Total Cost": 33601.97,
                "Plan Rows": 2525,
                "Plan Width": 28,
                "Actual Startup Time": 113.335,
                "Actual Total Time": 150.81,
                "Actual Rows": 7164,
                "Actual Loops": 4,
                "Inner Unique": true,
                "Hash Cond": "(mc.company_type_id = ct.id)",
                "Workers": [],
                "Plans": [
                 {
                  "Node Type": "Seq Scan",
                  "Parent Relationship": "Outer",
                  "Parallel Aware": true,
                  "Async Capable": false,
                  "Relation Name": "movie_companies",
                  "Alias": "mc",
                  "Startup Cost": 0.0,
                  "Total Cost": 33552.95,
                  "Plan Rows": 7575,
                  "Plan Width": 32,
                  "Actual Startup Time": 27.336,
                  "Actual Total Time": 149.573,
                  "Actual Rows": 7222,
                  "Actual Loops": 4,
                  "Filter": "((note !~~ '%(as Metro-Goldwyn-Mayer Pictures)%'::text) AND ((note ~~ '%(co-production)%'::text) OR (note ~~ '%(presents)%'::text)))",
                  "Rows Removed by Filter": 645060,
                  "Workers": []
                 },
                 {
                  "Node Type": "Hash",
                  "Parent Relationship": "Inner",
                  "Parallel Aware": false,
                  "Async Capable": false,
                  "Startup Cost": 1.04,
                  "Total Cost": 1.04,
                  "Plan Rows": 1,
                  "Plan Width": 4,
                  "Actual Startup Time": 0.033,
                  "Actual Total Time": 0.034,
                  "Actual Rows": 1,
                  "Actual Loops": 4,
                  "Hash Buckets": 1024,
                  "Original Hash Buckets": 1024,
                  "Hash Batches": 1,
                  "Original Hash Batches": 1,
                  "Peak Memory Usage": 9,
                  "Workers": [],
                  "Plans": [
                   {
                    "Node Type": "Seq Scan",
                    "Parent Relationship": "Outer",
                    "Parallel Aware": false,
                    "Async Capable": false,
                    "Relation Name": "company_type",
                    "Alias": "ct",
                    "Startup Cost": 0.0,
                    "Total Cost": 1.04,
                    "Plan Rows": 1,
                    "Plan Width": 4,
                    "Actual Startup Time": 0.026,
                    "Actual Total Time": 0.026,
                    "Actual Rows": 1,
                    "Actual Loops": 4,
                    "Filter": "((kind)::text = 'production companies'::text)",
                    "Rows Removed by Filter": 2,
                    "Workers": []
                   }
                  ]
                 }
                ]
               },
               {
                "Node Type": "Index Scan",
                "Parent Relationship": "Inner",
                "Parallel Aware": false,
                "Async Capable": false,
                "Scan Direction": "Forward",
                "Index Name": "movie_id_movie_info_idx",
                "Relation Name": "movie_info_idx",
                "Alias": "mi_idx",
                "Startup Cost": 0.43,
                "Total Cost": 2.61,
                "Plan Rows": 3,
                "Plan Width": 8,
                "Actual Startup Time": 0.003,
                "Actual Total Time": 0.003,
                "Actual Rows": 2,
                "Actual Loops": 28657,
                "Index Cond": "(movie_id = mc.movie_id)",
                "Rows Removed by Index Recheck": 0,
                "Workers": []
               }
              ]
             },
             {
              "Node Type": "Hash",
              "Parent Relationship": "Inner",
              "Parallel Aware": false,
              "Async Capable": false,
              "Startup Cost": 2.4,
              "Total Cost": 2.4,
              "Plan Rows": 1,
              "Plan Width": 4,
              "Actual Startup Time": 0.035,
              "Actual Total Time": 0.035,
              "Actual Rows": 1,
              "Actual Loops": 4,
              "Hash Buckets": 1024,
              "Original Hash Buckets": 1024,
              "Hash Batches": 1,
              "Original Hash Batches": 1,
              "Peak Memory Usage": 9,
              "Workers": [],
              "Plans": [
               {
                "Node Type": "Seq Scan",
                "Parent Relationship": "Outer",
                "Parallel Aware": false,
                "Async Capable": false,
                "Relation Name": "info_type",
                "Alias": "it",
                "Startup Cost": 0.0,
                "Total Cost": 2.4,
                "Plan Rows": 1,
                "Plan Width": 4,
                "Actual Startup Time": 0.031,
                "Actual Total Time": 0.032,
                "Actual Rows": 1,
                "Actual Loops": 4,
                "Filter": "((info)::text = 'top 250 rank'::text)",
                "Rows Removed by Filter": 111,
                "Workers": []
               }
              ]
             }
            ]
           },
           {
            "Node Type": "Index Scan",
            "Parent Relationship": "Inner",
            "Parallel Aware": false,
            "Async Capable": false,
            "Scan Direction": "Forward",
            "Index Name": "title_pkey",
            "Relation Name": "title",
            "Alias": "t",
            "Startup Cost": 0.43,
            "Total Cost": 0.58,
            "Plan Rows": 1,
            "Plan Width": 25,
            "Actual Startup Time": 0.013,
            "Actual Total Time": 0.013,
            "Actual Rows": 1,
            "Actual Loops": 142,
            "Index Cond": "(id = mi_idx.movie_id)",
            "Rows Removed by Index Recheck": 0,
            "Workers": []
           }
          ]
         }
        ]
       }
      ]
     }
    ]
   },
   "Planning Time": 8.705,
   "Triggers": [],
   "Execution Time": 191.965
  }
 ]
]