[
 [
  {
   "Plan": {
    "Node Type": "Aggregate",
    "Strategy": "Plain",
    "Partial Mode": "Simple",
    "Parallel Aware": false,
    "Async Capable": false,
    "Startup Cost": 14751.5,
    "Total Cost": 14751.51,
    "Plan Rows": 1,
    "Plan Width": 68,
    "Actual Startup Time": 195.439,
    "Actual Total Time": 195.512,
    "Actual Rows": 1,
    "Actual Loops": 1,
    "Plans": [
     {
      "Node Type": "Nested Loop",
      "Parent Relationship": "Outer",
      "Parallel Aware": false,
      "Async Capable": false,
      "Join Type": "Inner",
      "Startup Cost": 1004.32,
      "Total Cost": 14751.49,
      "Plan Rows": 1,
      "Plan Width": 45,
      "Actual Startup Time": 186.403,
      "Actual Total Time": 195.478,
      "Actual Rows": 142,
      "Actual Loops": 1,
      "Inner Unique": true,
      "Join Filter": "(mc.movie_id = t.id)",
      "Rows Removed by Join Filter": 0,
      "Plans": [
       {
        "Node Type": "Hash Join",
        "Parent Relationship": "Outer",
        "Parallel Aware": false,
        "Async Capable": false,
        "Join Type": "Inner",
        "Startup Cost": 1003.89,
        "Total Cost": 14743.03,
        "Plan Rows": 1,
        "Plan Width": 32,
        "Actual Startup Time": 186.349,
        "Actual Total Time": 193.905,
        "Actual Rows": 142,
        "Actual Loops": 1,
        "Inner Unique": false,
        "Hash Cond": "(mc.company_type_id = ct.id)",
        "Plans": [
         {
          "Node Type": "Nested Loop",
          "Parent Relationship": "Outer",
          "Parallel Aware": false,
          "Async Capable": false,
          "Join Type": "Inner",
          "Startup Cost": 1002.84,
          "Total Cost": 14741.97,
          "Plan Rows": 1,
          "Plan Width": 36,
          "Actual Startup Time": 186.299,
          "Actual Total Time": 193.822,
          "Actual Rows": 147,
          "Actual Loops": 1,
          "Inner Unique": false,
          "Plans": [
           {
            "Node Type": "Hash Join",
            "Parent Relationship": "Outer",
            "Parallel Aware": false,
            "Async Capable": false,
            "Join Type": "Inner",
            "Startup Cost": 1002.41,
            "Total Cost": 14720.67,
            "Plan Rows": 1,
            "Plan Width": 4,
            "Actual Startup Time": 186.222,
            "Actual Total Time": 186.661,
            "Actual Rows": 250,
            "Actual Loops": 1,
            "Inner Unique": false,
            "Hash Cond": "(mi_idx.info_type_id = it.id)",
            "Plans": [
             {
              "Node Type": "Gather",
              "Parent Relationship": "Outer",
              "Parallel Aware": false,
              "Async Capable": false,
              "Startup Cost": 1000.0,
              "Total Cost": 14718.24,
              "Plan Rows": 1,
              "Plan Width": 8,
              "Actual Startup Time": 0.992,
              "Actual Total Time": 91.767,
              "Actual Rows": 1380034,
              "Actual Loops": 1,
              "Workers Planned": 2,
              "Workers Launched": 2,
              "Single Copy": false,
              "Plans": [
               {
                "Node Type": "Seq Scan",
                "Parent Relationship": "Outer",
                "Parallel Aware": true,
                "Async Capable": false,
                "Relation Name": "movie_info_idx",
                "Alias": "mi_idx",
                "Startup Cost": 0.0,
                "Total Cost": 13718.14,
                "Plan Rows": 1,
                "Plan Width": 8,
                "Actual Startup Time": 0.043,
                "Actual Total Time": 54.081,
                "Actual Rows": 460011,
                "Actual Loops": 3,
                "Workers": []
               }
              ]
             },
             {
              "Node Type": "Hash",
              "Parent Relationship": "Inner",
              "Parallel Aware": false,
              "Async Capable": false,
              "Startup Cost": 2.4,
              "Total Cost": 2.4,
              "Plan Rows": 1,
              "Plan Width": 4,
              "Actual Startup Time": 0.05,
              "Actual Total Time": 0.051,
              "Actual Rows": 1,
              "Actual Loops": 1,
              "Hash Buckets": 1024,
              "Original Hash Buckets": 1024,
              "Hash Batches": 1,
              "Original Hash Batches": 1,
              "Peak Memory Usage": 9,
              "Plans": [
               {
                "Node Type": "Seq Scan",
                "Parent Relationship": "Outer",
                "Parallel Aware": false,
                "Async Capable": false,
                "Relation Name": "info_type",
                "Alias": "it",
                "Startup Cost": 0.0,
                "Total Cost": 2.4,
                "Plan Rows": 1,
                "Plan Width": 4,
                "Actual Startup Time": 0.038,
                "Actual Total Time": 0.039,
                "Actual Rows": 1,
                "Actual Loops": 1,
                "Filter": "((info)::text = 'top 250 rank'::text)",
                "Rows Removed by Filter": 111
               }
              ]
             }
            ]
           },
           {
            "Node Type": "Index Scan",
            "Parent Relationship": "Inner",
            "Parallel Aware": false,
            "Async Capable": false,
            "Scan Direction": "Forward",
            "Index Name": "movie_id_movie_companies",
            "Relation Name": "movie_companies",
            "Alias": "mc",
            "Startup Cost": 0.43,
            "Total Cost": 21.29,
            "Plan Rows": 1,
            "Plan Width": 32,
            "Actual Startup Time": 0.028,
            "Actual Total Time": 0.028,
            "Actual Rows": 1,
            "Actual Loops": 250,
            "Index Cond": "(movie_id = mi_idx.movie_id)",
            "Rows Removed by Index Recheck": 0,
            "Filter": "((note !~~ '%(as Metro-Goldwyn-Mayer Pictures)%'::text) AND ((note ~~ '%(co-production)%'::text) OR (note ~~ '%(presents)%'::text)))",
            "Rows Removed by Filter": 33
           }
          ]
         },
         {
          "Node Type": "Hash",
          "Parent Relationship": "Inner",
          "Parallel Aware": false,
          "Async Capable": false,
          "Startup Cost": 1.04,
          "Total Cost": 1.04,
          "Plan Rows": 1,
          "Plan Width": 4,
          "Actual Startup Time": 0.042,
          "Actual Total Time": 0.043,
          "Actual Rows": 1,
          "Actual Loops": 1,
          "Hash Buckets": 1024,
          "Original Hash Buckets": 1024,
          "Hash Batches": 1,
          "Original Hash Batches": 1,
          "Peak Memory Usage": 9,
          "Plans": [
           {
            "Node Type": "Seq Scan",
            "Parent Relationship": "Outer",
            "Parallel Aware": false,
            "Async Capable": false,
            "Relation Name": "company_type",
            "Alias": "ct",
            "Startup Cost": 0.0,
            "Total Cost": 1.04,
            "Plan Rows": 1,
            "Plan Width": 4,
            "Actual Startup Time": 0.036,
            "Actual Total Time": 0.039,
            "Actual Rows": 1,
            "Actual Loops": 1,
            "Filter": "((kind)::text = 'production companies'::text)",
            "Rows Removed by Filter": 2
           }
          ]
         }
        ]
       },
       {
        "Node Type": "Index Scan",
        "Parent Relationship": "Inner",
        "Parallel Aware": false,
        "Async Capable": false,
        "Scan Direction": "Forward",
        "Index Name": "title_pkey",
        "Relation Name": "title",
        "Alias": "t",
        "Startup Cost": 0.43,
        "Total Cost": 8.45,
        "Plan Rows": 1,
        "Plan Width": 25,
        "Actual Startup Time": 0.011,
        "Actual Total Time": 0.011,
        "Actual Rows": 1,
        "Actual Loops": 142,
        "Index Cond": "(id = mi_idx.movie_id)",
        "Rows Removed by Index Recheck": 0
       }
      ]
     }
    ]
   },
   "Planning Time": 6.738,
   "Triggers": [],
   "Execution Time": 195.597
  }
 ],
 [
  {
   "Plan": {
    "Node Type": "Aggregate",
    "Strategy": "Plain",
    "Partial Mode": "Simple",
    "Parallel Aware": false,
    "Async Capable": false,
    "Startup Cost": 48283.17,
    "Total Cost": 48283.18,
    "Plan Rows": 1,
    "Plan Width": 68,
    "Actual Startup Time": 191.783,
    "Actual Total Time": 196.638,
    "Actual Rows": 1,
    "Actual Loops": 1,
    "Plans": [
     {
      "Node Type": "Nested Loop",
      "Parent Relationship": "Outer",
      "Parallel Aware": false,
      "Async Capable": false,
      "Join Type": "Inner",
      "Startup Cost": 14722.06,
      "Total Cost": 48283.17,
      "Plan Rows": 1,
      "Plan Width": 45,
      "Actual Startup Time": 171.213,
      "Actual Total Time": 196.605,
      "Actual Rows": 142,
      "Actual Loops": 1,
      "Inner Unique": true,
      "Join Filter": "(mc.movie_id = t.id)",
      "Rows Removed by Join Filter": 0,
      "Plans": [
       {
        "Node Type": "Hash Join",
        "Parent Relationship": "Outer",
        "Parallel Aware": false,
        "Async Capable": false,
        "Join Type": "Inner",
        "Startup Cost": 14721.63,
        "Total Cost": 48274.71,
        "Plan Rows": 1,
        "Plan Width": 32,
        "Actual Startup Time": 171.189,
        "Actual Total Time": 195.992,
        "Actual Rows": 142,
        "Actual Loops": 1,
        "Inner Unique": false,
        "Hash Cond": "(mc.company_type_id = ct.id)",
        "Plans": [
         {
          "Node Type": "Gather",
          "Parent Relationship": "Outer",
          "Parallel Aware": false,
          "Async Capable": false,
          "Startup Cost": 14720.58,
          "Total Cost": 48273.64,
          "Plan Rows": 1,
          "Plan Width": 36,
          "Actual Startup Time": 135.932,
          "Actual Total Time": 195.937,
          "Actual Rows": 147,
          "Actual Loops": 1,
          "Workers Planned": 3,
          "Workers Launched": 3,
          "Single Copy": false,
          "Plans": [
           {
            "Node Type": "Hash Join",
            "Parent Relationship": "Outer",
            "Parallel Aware": true,
            "Async Capable": false,
            "Join Type": "Inner",
            "Startup Cost": 13720.58,
            "Total Cost": 47273.54,
            "Plan Rows": 1,
            "Plan Width": 36,
            "Actual Startup Time": 133.526,
            "Actual Total Time": 187.114,
            "Actual Rows": 37,
            "Actual Loops": 4,
            "Inner Unique": false,
            "Hash Cond": "(mc.movie_id = mi_idx.movie_id)",
            "Workers": [],
            "Plans": [
             {
              "Node Type": "Seq Scan",
              "Parent Relationship": "Outer",
              "Parallel Aware": true,
              "Async Capable": false,
              "Relation Name": "movie_companies",
              "Alias": "mc",
              "Startup Cost": 0.0,
              "Total Cost": 33552.95,
              "Plan Rows": 1,
              "Plan Width": 32,
              "Actual Startup Time": 15.289,
              "Actual Total Time": 126.945,
              "Actual Rows": 7222,
              "Actual Loops": 4,
              "Filter": "((note !~~ '%(as Metro-Goldwyn-Mayer Pictures)%'::text) AND ((note ~~ '%(co-production)%'::text) OR (note ~~ '%(presents)%'::text)))",
              "Rows Removed by Filter": 645060,
              "Workers": []
             },
             {
              "Node Type": "Hash",
              "Parent Relationship": "Inner",
              "Parallel Aware": true,
              "Async Capable": false,
              "Startup Cost": 13720.57,
              "Total Cost": 13720.57,
              "Plan Rows": 1,
              "Plan Width": 4,
              "Actual Startup Time": 59.288,
              "Actual Total Time": 59.29,
              "Actual Rows": 62,
              "Actual Loops": 4,
              "Hash Buckets": 1024,
              "Original Hash Buckets": 1024,
              "Hash Batches": 1,
              "Original Hash Batches": 1,
              "Peak Memory Usage": 72,
              "Workers": [],
              "Plans": [
               {
                "Node Type": "Hash Join",
                "Parent Relationship": "Outer",
                "Parallel Aware": false,
                "Async Capable": false,
                "Join Type": "Inner",
                "Startup Cost": 2.41,
                "Total Cost": 13720.57,
                "Plan Rows": 1,
                "Plan Width": 4,
                "Actual Startup Time": 59.12,
                "Actual Total Time": 59.135,
                "Actual Rows": 62,
                "Actual Loops": 4,
                "Inner Unique": false,
                "Hash Cond": "(mi_idx.info_type_id = it.id)",
                "Workers": [],
                "Plans": [
                 {
                  "Node Type": "Seq Scan",
                  "Parent Relationship": "Outer",
                  "Parallel Aware": true,
                  "Async Capable": false,
                  "Relation Name": "movie_info_idx",
                  "Alias": "mi_idx",
                  "Startup Cost": 0.0,
                  "Total Cost": 13718.14,
                  "Plan Rows": 1,
                  "Plan Width": 8,
                  "Actual Startup Time": 0.019,
                  "Actual Total Time": 31.024,
                  "Actual Rows": 345008,
                  "Actual Loops": 4,
                  "Workers": []
                 },
                 {
                  "Node Type": "Hash",
                  "Parent Relationship": "Inner",
                  "Parallel Aware": false,
                  "Async Capable": false,
                  "Startup Cost": 2.4,
                  "Total Cost": 2.4,
                  "Plan Rows": 1,
                  "Plan Width": 4,
                  "Actual Startup Time": 0.049,
                  "Actual Total Time": 0.05,
                  "Actual Rows": 1,
                  "Actual Loops": 4,
                  "Hash Buckets": 1024,
                  "Original Hash Buckets": 1024,
                  "Hash Batches": 1,
                  "Original Hash Batches": 1,
                  "Peak Memory Usage": 9,
                  "Workers": [],
                  "Plans": [
                   {
                    "Node Type": "Seq Scan",
                    "Parent Relationship": "Outer",
                    "Parallel Aware": false,
                    "Async Capable": false,
                    "Relation Name": "info_type",
                    "Alias": "it",
                    "Startup Cost": 0.0,
                    "Total Cost": 2.4,
                    "Plan Rows": 1,
                    "Plan Width": 4,
                    "Actual Startup Time": 0.039,
                    "Actual Total Time": 0.04,
                    "Actual Rows": 1,
                    "Actual Loops": 4,
                    "Filter": "((info)::text = 'top 250 rank'::text)",
                    "Rows Removed by Filter": 111,
                    "Workers": []
                   }
                  ]
                 }
                ]
               }
              ]
             }
            ]
           }
          ]
         },
         {
          "Node Type": "Hash",
          "Parent Relationship": "Inner",
          "Parallel Aware": false,
          "Async Capable": false,
          "Startup Cost": 1.04,
          "Total Cost": 1.04,
          "Plan Rows": 1,
          "Plan Width": 4,
          "Actual Startup Time": 0.011,
          "Actual Total Time": 0.012,
          "Actual Rows": 1,
          "Actual Loops": 1,
          "Hash Buckets": 1024,
          "Original Hash Buckets": 1024,
          "Hash Batches": 1,
          "Original Hash Batches": 1,
          "Peak Memory Usage": 9,
          "Plans": [
           {
            "Node Type": "Seq Scan",
            "Parent Relationship": "Outer",
            "Parallel Aware": false,
            "Async Capable": false,
            "Relation Name": "company_type",
            "Alias": "ct",
            "Startup Cost": 0.0,
            "Total Cost": 1.04,
            "Plan Rows": 1,
            "Plan Width": 4,
            "Actual Startup Time": 0.009,
            "Actual Total Time": 0.01,
            "Actual Rows": 1,
            "Actual Loops": 1,
            "Filter": "((kind)::text = 'production companies'::text)",
            "Rows Removed by Filter": 2
           }
          ]
         }
        ]
       },
       {
        "Node Type": "Index Scan",
        "Parent Relationship": "Inner",
        "Parallel Aware": false,
        "Async Capable": false,
        "Scan Direction": "Forward",
        "Index Name": "title_pkey",
        "Relation Name": "title",
        "Alias": "t",
        "Startup Cost": 0.43,
        "Total Cost": 8.45,
        "Plan Rows": 1,
        "Plan Width": 25,
        "Actual Startup Time": 0.004,
        "Actual Total Time": 0.004,
        "Actual Rows": 1,
        "Actual Loops": 142,
        "Index Cond": "(id = mi_idx.movie_id)",
        "Rows Removed by Index Recheck": 0
       }
      ]
     }
    ]
   },
   "Planning Time": 2.914,
   "Triggers": [],
   "Execution Time": 196.708
  }
 ]
]