[
 [
  {
   "Plan": {
    "Node Type": "Aggregate",
    "Strategy": "Plain",
    "Partial Mode": "Simple",
    "Parallel Aware": false,
    "Async Capable": false,
    "Startup Cost": 3995.27,
    "Total Cost": 3995.28,
    "Plan Rows": 1,
    "Plan Width": 32,
    "Actual Startup Time": 529.81,
    "Actual Total Time": 529.813,
    "Actual Rows": 1,
    "Actual Loops": 1,
    "Plans": [
     {
      "Node Type": "Nested Loop",
      "Parent Relationship": "Outer",
      "Parallel Aware": false,
      "Async Capable": false,
      "Join Type": "Inner",
      "Startup Cost": 1.71,
      "Total Cost": 3995.25,
      "Plan Rows": 8,
      "Plan Width": 17,
      "Actual Startup Time": 3.381,
      "Actual Total Time": 528.943,
      "Actual Rows": 7834,
      "Actual Loops": 1,
      "Inner Unique": true,
      "Join Filter": "(mc.movie_id = t.id)",
      "Rows Removed by Join Filter": 0,
      "Plans": [
       {
        "Node Type": "Nested Loop",
        "Parent Relationship": "Outer",
        "Parallel Aware": false,
        "Async Capable": false,
        "Join Type": "Inner",
        "Startup Cost": 1.28,
        "Total Cost": 3991.25,
        "Plan Rows": 8,
        "Plan Width": 8,
        "Actual Startup Time": 3.274,
        "Actual Total Time": 495.713,
        "Actual Rows": 7834,
        "Actual Loops": 1,
        "Inner Unique": true,
        "Plans": [
         {
          "Node Type": "Nested Loop",
          "Parent Relationship": "Outer",
          "Parallel Aware": false,
          "Async Capable": false,
          "Join Type": "Inner",
          "Startup Cost": 0.86,
          "Total Cost": 3909.63,
          "Plan Rows": 183,
          "Plan Width": 12,
          "Actual Startup Time": 1.73,
          "Actual Total Time": 237.917,
          "Actual Rows": 148552,
          "Actual Loops": 1,
          "Inner Unique": false,
          "Plans": [
           {
            "Node Type": "Nested Loop",
            "Parent Relationship": "Outer",
            "Parallel Aware": false,
            "Async Capable": false,
            "Join Type": "Inner",
            "Startup Cost": 0.43,
            "Total Cost": 3889.57,
            "Plan Rows": 34,
            "Plan Width": 4,
            "Actual Startup Time": 1.614,
            "Actual Total Time": 58.854,
            "Actual Rows": 41840,
            "Actual Loops": 1,
            "Inner Unique": false,
            "Plans": [
             {
              "Node Type": "Seq Scan",
              "Parent Relationship": "Outer",
              "Parallel Aware": false,
              "Async Capable": false,
              "Relation Name": "keyword",
              "Alias": "k",
              "Startup Cost": 0.0,
              "Total Cost": 2685.11,
              "Plan Rows": 1,
              "Plan Width": 4,
              "Actual Startup Time": 1.517,
              "Actual Total Time": 10.453,
              "Actual Rows": 1,
              "Actual Loops": 1,
              "Filter": "(keyword = 'character-name-in-title'::text)",
              "Rows Removed by Filter": 134168
             },
             {
              "Node Type": "Index Scan",
              "Parent Relationship": "Inner",
              "Parallel Aware": false,
              "Async Capable": false,
              "Scan Direction": "Forward",
              "Index Name": "keyword_id_movie_keyword",
              "Relation Name": "movie_keyword",
              "Alias": "mk",
              "Startup Cost": 0.43,
              "Total Cost": 1201.47,
              "Plan Rows": 299,
              "Plan Width": 8,
              "Actual Startup Time": 0.092,
              "Actual Total Time": 44.082,
              "Actual Rows": 41840,
              "Actual Loops": 1,
              "Index Cond": "(keyword_id = k.id)",
              "Rows Removed by Index Recheck": 0
             }
            ]
           },
           {
            "Node Type": "Index Scan",
            "Parent Relationship": "Inner",
            "Parallel Aware": false,
            "Async Capable": false,
            "Scan Direction": "Forward",
            "Index Name": "movie_id_movie_companies",
            "Relation Name": "movie_companies",
            "Alias": "mc",
            "Startup Cost": 0.43,
            "Total Cost": 0.54,
            "Plan Rows": 5,
            "Plan Width": 8,
            "Actual Startup Time": 0.003,
            "Actual Total Time": 0.004,
            "Actual Rows": 4,
            "Actual Loops": 41840,
            "Index Cond": "(movie_id = mk.movie_id)",
            "Rows Removed by Index Recheck": 0
           }
          ]
         },
         {
          "Node Type": "Index Scan",
          "Parent Relationship": "Inner",
          "Parallel Aware": false,
          "Async Capable": false,
          "Scan Direction": "Forward",
          "Index Name": "company_name_pkey",
          "Relation Name": "company_name",
          "Alias": "cn",
          "Startup Cost": 0.42,
          "Total Cost": 0.45,
          "Plan Rows": 1,
          "Plan Width": 4,
          "Actual Startup Time": 0.002,
          "Actual Total Time": 0.002,
          "Actual Rows": 0,
          "Actual Loops": 148552,
          "Index Cond": "(id = mc.company_id)",
          "Rows Removed by Index Recheck": 0,
          "Filter": "((country_code)::text = '[de]'::text)",
          "Rows Removed by Filter": 1
         }
        ]
       },
       {
        "Node Type": "Index Scan",
        "Parent Relationship": "Inner",
        "Parallel Aware": false,
        "Async Capable": false,
        "Scan Direction": "Forward",
        "Index Name": "title_pkey",
        "Relation Name": "title",
        "Alias": "t",
        "Startup Cost": 0.43,
        "Total Cost": 0.49,
        "Plan Rows": 1,
        "Plan Width": 21,
        "Actual Startup Time": 0.004,
        "Actual Total Time": 0.004,
        "Actual Rows": 1,
        "Actual Loops": 7834,
        "Index Cond": "(id = mk.movie_id)",
        "Rows Removed by Index Recheck": 0
       }
      ]
     }
    ]
   },
   "Planning Time": 4.237,
   "Triggers": [],
   "Execution Time": 529.887
  }
 ],
 [
  {
   "Plan": {
    "Node Type": "Aggregate",
    "Strategy": "Plain",
    "Partial Mode": "Simple",
    "Parallel Aware": false,
    "Async Capable": false,
    "Startup Cost": 10014.16,
    "Total Cost": 10014.17,
    "Plan Rows": 1,
    "Plan Width": 32,
    "Actual Startup Time": 224.34,
    "Actual Total Time": 224.343,
    "Actual Rows": 1,
    "Actual Loops": 1,
    "Plans": [
     {
      "Node Type": "Nested Loop",
      "Parent Relationship": "Outer",
      "Parallel Aware": false,
      "Async Capable": false,
      "Join Type": "Inner",
      "Startup Cost": 6101.04,
      "Total Cost": 10014.14,
      "Plan Rows": 8,
      "Plan Width": 17,
      "Actual Startup Time": 42.319,
      "Actual Total Time": 223.46,
      "Actual Rows": 7834,
      "Actual Loops": 1,
      "Inner Unique": true,
      "Join Filter": "(mc.movie_id = t.id)",
      "Rows Removed by Join Filter": 0,
      "Plans": [
       {
        "Node Type": "Hash Join",
        "Parent Relationship": "Outer",
        "Parallel Aware": false,
        "Async Capable": false,
        "Join Type": "Inner",
        "Startup Cost": 6100.61,
        "Total Cost": 10010.14,
        "Plan Rows": 8,
        "Plan Width": 8,
        "Actual Startup Time": 42.305,
        "Actual Total Time": 205.566,
        "Actual Rows": 7834,
        "Actual Loops": 1,
        "Inner Unique": false,
        "Hash Cond": "(mc.company_id = cn.id)",
        "Plans": [
         {
          "Node Type": "Nested Loop",
          "Parent Relationship": "Outer",
          "Parallel Aware": false,
          "Async Capable": false,
          "Join Type": "Inner",
          "Startup Cost": 0.86,
          "Total Cost": 3909.63,
          "Plan Rows": 183,
          "Plan Width": 12,
          "Actual Startup Time": 1.35,
          "Actual Total Time": 152.195,
          "Actual Rows": 148552,
          "Actual Loops": 1,
          "Inner Unique": false,
          "Plans": [
           {
            "Node Type": "Nested Loop",
            "Parent Relationship": "Outer",
            "Parallel Aware": false,
            "Async Capable": false,
            "Join Type": "Inner",
            "Startup Cost": 0.43,
            "Total Cost": 3889.57,
            "Plan Rows": 34,
            "Plan Width": 4,
            "Actual Startup Time": 1.323,
            "Actual Total Time": 32.083,
            "Actual Rows": 41840,
            "Actual Loops": 1,
            "Inner Unique": false,
            "Plans": [
             {
              "Node Type": "Seq Scan",
              "Parent Relationship": "Outer",
              "Parallel Aware": false,
              "Async Capable": false,
              "Relation Name": "keyword",
              "Alias": "k",
              "Startup Cost": 0.0,
              "Total Cost": 2685.11,
              "Plan Rows": 1,
              "Plan Width": 4,
              "Actual Startup Time": 1.287,
              "Actual Total Time": 10.07,
              "Actual Rows": 1,
              "Actual Loops": 1,
              "Filter": "(keyword = 'character-name-in-title'::text)",
              "Rows Removed by Filter": 134168
             },
             {
              "Node Type": "Index Scan",
              "Parent Relationship": "Inner",
              "Parallel Aware": false,
              "Async Capable": false,
              "Scan Direction": "Forward",
              "Index Name": "keyword_id_movie_keyword",
              "Relation Name": "movie_keyword",
              "Alias": "mk",
              "Startup Cost": 0.43,
              "Total Cost": 1201.47,
              "Plan Rows": 299,
              "Plan Width": 8,
              "Actual Startup Time": 0.031,
              "Actual Total Time": 18.335,
              "Actual Rows": 41840,
              "Actual Loops": 1,
              "Index Cond": "(keyword_id = k.id)",
              "Rows Removed by Index Recheck": 0
             }
            ]
           },
           {
            "Node Type": "Index Scan",
            "Parent Relationship": "Inner",
            "Parallel Aware": false,
            "Async Capable": false,
            "Scan Direction": "Forward",
            "Index Name": "movie_id_movie_companies",
            "Relation Name": "movie_companies",
            "Alias": "mc",
            "Startup Cost": 0.43,
            "Total Cost": 0.54,
            "Plan Rows": 5,
            "Plan Width": 8,
            "Actual Startup Time": 0.002,
            "Actual Total Time": 0.002,
            "Actual Rows": 4,
            "Actual Loops": 41840,
            "Index Cond": "(movie_id = mk.movie_id)",
            "Rows Removed by Index Recheck": 0
           }
          ]
         },
         {
          "Node Type": "Hash",
          "Parent Relationship": "Inner",
          "Parallel Aware": false,
          "Async Capable": false,
          "Startup Cost": 5977.45,
          "Total Cost": 5977.45,
          "Plan Rows": 9784,
          "Plan Width": 4,
          "Actual Startup Time": 40.662,
          "Actual Total Time": 40.662,
          "Actual Rows": 9774,
          "Actual Loops": 1,
          "Hash Buckets": 16384,
          "Original Hash Buckets": 16384,
          "Hash Batches": 1,
          "Original Hash Batches": 1,
          "Peak Memory Usage": 472,
          "Plans": [
           {
            "Node Type": "Seq Scan",
            "Parent Relationship": "Outer",
            "Parallel Aware": false,
            "Async Capable": false,
            "Relation Name": "company_name",
            "Alias": "cn",
            "Startup Cost": 0.0,
            "Total Cost": 5977.45,
            "Plan Rows": 9784,
            "Plan Width": 4,
            "Actual Startup Time": 0.025,
            "Actual Total Time": 38.618,
            "Actual Rows": 9774,
            "Actual Loops": 1,
            "Filter": "((country_code)::text = '[de]'::text)",
            "Rows Removed by Filter": 225222
           }
          ]
         }
        ]
       },
       {
        "Node Type": "Index Scan",
        "Parent Relationship": "Inner",
        "Parallel Aware": false,
        "Async Capable": false,
        "Scan Direction": "Forward",
        "Index Name": "title_pkey",
        "Relation Name": "title",
        "Alias": "t",
        "Startup Cost": 0.43,
        "Total Cost": 0.49,
        "Plan Rows": 1,
        "Plan Width": 21,
        "Actual Startup Time": 0.002,
        "Actual Total Time": 0.002,
        "Actual Rows": 1,
        "Actual Loops": 7834,
        "Index Cond": "(id = mk.movie_id)",
        "Rows Removed by Index Recheck": 0
       }
      ]
     }
    ]
   },
   "Planning Time": 4.352,
   "Triggers": [],
   "Execution Time": 224.45
  }
 ],
 [
  {
   "Plan": {
    "Node Type": "Aggregate",
    "Strategy": "Plain",
    "Partial Mode": "Simple",
    "Parallel Aware": false,
    "Async Capable": false,
    "Startup Cost": 4451.07,
    "Total Cost": 4451.08,
    "Plan Rows": 1,
    "Plan Width": 32,
    "Actual Startup Time": 645.81,
    "Actual Total Time": 645.812,
    "Actual Rows": 1,
    "Actual Loops": 1,
    "Plans": [
     {
      "Node Type": "Nested Loop",
      "Parent Relationship": "Outer",
      "Parallel Aware": false,
      "Async Capable": false,
      "Join Type": "Inner",
      "Startup Cost": 1.71,
      "Total Cost": 4008.24,
      "Plan Rows": 177130,
      "Plan Width": 17,
      "Actual Startup Time": 2.465,
      "Actual Total Time": 644.959,
      "Actual Rows": 7834,
      "Actual Loops": 1,
      "Inner Unique": true,
      "Plans": [
       {
        "Node Type": "Nested Loop",
        "Parent Relationship": "Outer",
        "Parallel Aware": false,
        "Async Capable": false,
        "Join Type": "Inner",
        "Startup Cost": 1.29,
        "Total Cost": 3926.62,
        "Plan Rows": 183,
        "Plan Width": 21,
        "Actual Startup Time": 1.06,
        "Actual Total Time": 383.14,
        "Actual Rows": 148552,
        "Actual Loops": 1,
        "Inner Unique": false,
        "Join Filter": "(mc.movie_id = t.id)",
        "Rows Removed by Join Filter": 0,
        "Plans": [
         {
          "Node Type": "Nested Loop",
          "Parent Relationship": "Outer",
          "Parallel Aware": false,
          "Async Capable": false,
          "Join Type": "Inner",
          "Startup Cost": 0.86,
          "Total Cost": 3906.14,
          "Plan Rows": 34,
          "Plan Width": 25,
          "Actual Startup Time": 0.986,
          "Actual Total Time": 206.714,
          "Actual Rows": 41840,
          "Actual Loops": 1,
          "Inner Unique": true,
          "Plans": [
           {
            "Node Type": "Nested Loop",
            "Parent Relationship": "Outer",
            "Parallel Aware": false,
            "Async Capable": false,
            "Join Type": "Inner",
            "Startup Cost": 0.43,
            "Total Cost": 3889.57,
            "Plan Rows": 34,
            "Plan Width": 4,
            "Actual Startup Time": 0.96,
            "Actual Total Time": 56.878,
            "Actual Rows": 41840,
            "Actual Loops": 1,
            "Inner Unique": false,
            "Plans": [
             {
              "Node Type": "Seq Scan",
              "Parent Relationship": "Outer",
              "Parallel Aware": false,
              "Async Capable": false,
              "Relation Name": "keyword",
              "Alias": "k",
              "Startup Cost": 0.0,
              "Total Cost": 2685.11,
              "Plan Rows": 1,
              "Plan Width": 4,
              "Actual Startup Time": 0.92,
              "Actual Total Time": 9.789,
              "Actual Rows": 1,
              "Actual Loops": 1,
              "Filter": "(keyword = 'character-name-in-title'::text)",
              "Rows Removed by Filter": 134168
             },
             {
              "Node Type": "Index Scan",
              "Parent Relationship": "Inner",
              "Parallel Aware": false,
              "Async Capable": false,
              "Scan Direction": "Forward",
              "Index Name": "keyword_id_movie_keyword",
              "Relation Name": "movie_keyword",
              "Alias": "mk",
              "Startup Cost": 0.43,
              "Total Cost": 1201.47,
              "Plan Rows": 299,
              "Plan Width": 8,
              "Actual Startup Time": 0.037,
              "Actual Total Time": 42.743,
              "Actual Rows": 41840,
              "Actual Loops": 1,
              "Index Cond": "(keyword_id = k.id)",
              "Rows Removed by Index Recheck": 0
             }
            ]
           },
           {
            "Node Type": "Index Scan",
            "Parent Relationship": "Inner",
            "Parallel Aware": false,
            "Async Capable": false,
            "Scan Direction": "Forward",
            "Index Name": "title_pkey",
            "Relation Name": "title",
            "Alias": "t",
            "Startup Cost": 0.43,
            "Total Cost": 0.49,
            "Plan Rows": 1,
            "Plan Width": 21,
            "Actual Startup Time": 0.003,
            "Actual Total Time": 0.003,
            "Actual Rows": 1,
            "Actual Loops": 41840,
            "Index Cond": "(id = mk.movie_id)",
            "Rows Removed by Index Recheck": 0
           }
          ]
         },
         {
          "Node Type": "Index Scan",
          "Parent Relationship": "Inner",
          "Parallel Aware": false,
          "Async Capable": false,
          "Scan Direction": "Forward",
          "Index Name": "movie_id_movie_companies",
          "Relation Name": "movie_companies",
          "Alias": "mc",
          "Startup Cost": 0.43,
          "Total Cost": 0.54,
          "Plan Rows": 5,
          "Plan Width": 8,
          "Actual Startup Time": 0.002,
          "Actual Total Time": 0.004,
          "Actual Rows": 4,
          "Actual Loops": 41840,
          "Index Cond": "(movie_id = mk.movie_id)",
          "Rows Removed by Index Recheck": 0
         }
        ]
       },
       {
        "Node Type": "Index Scan",
        "Parent Relationship": "Inner",
        "Parallel Aware": false,
        "Async Capable": false,
        "Scan Direction": "Forward",
        "Index Name": "company_name_pkey",
        "Relation Name": "company_name",
        "Alias": "cn",
        "Startup Cost": 0.42,
        "Total Cost": 0.45,
        "Plan Rows": 1,
        "Plan Width": 4,
        "Actual Startup Time": 0.002,
        "Actual Total Time": 0.002,
        "Actual Rows": 0,
        "Actual Loops": 148552,
        "Index Cond": "(id = mc.company_id)",
        "Rows Removed by Index Recheck": 0,
        "Filter": "((country_code)::text = '[de]'::text)",
        "Rows Removed by Filter": 1
       }
      ]
     }
    ]
   },
   "Planning Time": 10.685,
   "Triggers": [],
   "Execution Time": 645.965
  }
 ]
]